0 info it worked if it ends with ok
1 verbose cli [ 'G:\\nojs\\node.exe',
1 verbose cli   'G:\\nojs\\node_modules\\npm\\bin\\npm-cli.js',
1 verbose cli   'run',
1 verbose cli   'dev' ]
2 info using npm@3.10.10
3 info using node@v6.11.2
4 verbose run-script [ 'predev', 'dev', 'postdev' ]
5 info lifecycle cms_project_sh9@1.0.0~predev: cms_project_sh9@1.0.0
6 silly lifecycle cms_project_sh9@1.0.0~predev: no script for predev, continuing
7 info lifecycle cms_project_sh9@1.0.0~dev: cms_project_sh9@1.0.0
8 verbose lifecycle cms_project_sh9@1.0.0~dev: unsafe-perm in lifecycle true
9 verbose lifecycle cms_project_sh9@1.0.0~dev: PATH: G:\nojs\node_modules\npm\bin\node-gyp-bin;D:\代码\vue和es6\项目\cms_project_sh9\node_modules\.bin;C:\Python27\;C:\Python27\Scripts;C:\ProgramData\Oracle\Java\javapath;C:\WINDOWS\system32;C:\WINDOWS;C:\WINDOWS\System32\Wbem;C:\WINDOWS\System32\WindowsPowerShell\v1.0\;G:\Git\cmd;C:\Program Files\MongoDB\Server\3.4\bin;G:\nojs\npm_global;C:\Program Files\Java\jdk1.8.0_121\bin;C:\Program Files\Java\jdk1.8.0_121\jre\bin;C:\Android\tools;C:\Android\platform-tools;G:\nojs\;C:\Program Files (x86)\NVIDIA Corporation\PhysX\Common;C:\Program Files\Java\jdk1.8.0_121\bin;C:\Program Files\Java\jdk1.8.0_121\jre\bin;C:\Users\Administrator\AppData\Local\Microsoft\WindowsApps;C:\Users\Administrator\AppData\Roaming\npm;C:\Program Files (x86)\Microsoft VS Code\bin;G:\Android\sdk\tools;G:\Android\sdk\platform-tools
10 verbose lifecycle cms_project_sh9@1.0.0~dev: CWD: D:\代码\vue和es6\项目\cms_project_sh9
11 silly lifecycle cms_project_sh9@1.0.0~dev: Args: [ '/d /s /c',
11 silly lifecycle   'webpack-dev-server --inline --hot --open --port 9039' ]
12 silly lifecycle cms_project_sh9@1.0.0~dev: Returned: code: 1  signal: null
13 info lifecycle cms_project_sh9@1.0.0~dev: Failed to exec dev script
14 verbose stack Error: cms_project_sh9@1.0.0 dev: `webpack-dev-server --inline --hot --open --port 9039`
14 verbose stack Exit status 1
14 verbose stack     at EventEmitter.<anonymous> (G:\nojs\node_modules\npm\lib\utils\lifecycle.js:255:16)
14 verbose stack     at emitTwo (events.js:106:13)
14 verbose stack     at EventEmitter.emit (events.js:191:7)
14 verbose stack     at ChildProcess.<anonymous> (G:\nojs\node_modules\npm\lib\utils\spawn.js:40:14)
14 verbose stack     at emitTwo (events.js:106:13)
14 verbose stack     at ChildProcess.emit (events.js:191:7)
14 verbose stack     at maybeClose (internal/child_process.js:891:16)
14 verbose stack     at Process.ChildProcess._handle.onexit (internal/child_process.js:226:5)
15 verbose pkgid cms_project_sh9@1.0.0
16 verbose cwd D:\代码\vue和es6\项目\cms_project_sh9\src
17 error Windows_NT 10.0.14393
18 error argv "G:\\nojs\\node.exe" "G:\\nojs\\node_modules\\npm\\bin\\npm-cli.js" "run" "dev"
19 error node v6.11.2
20 error npm  v3.10.10
21 error code ELIFECYCLE
22 error cms_project_sh9@1.0.0 dev: `webpack-dev-server --inline --hot --open --port 9039`
22 error Exit status 1
23 error Failed at the cms_project_sh9@1.0.0 dev script 'webpack-dev-server --inline --hot --open --port 9039'.
23 error Make sure you have the latest version of node.js and npm installed.
23 error If you do, this is most likely a problem with the cms_project_sh9 package,
23 error not with npm itself.
23 error Tell the author that this fails on your system:
23 error     webpack-dev-server --inline --hot --open --port 9039
23 error You can get information on how to open an issue for this project with:
23 error     npm bugs cms_project_sh9
23 error Or if that isn't available, you can get their info via:
23 error     npm owner ls cms_project_sh9
23 error There is likely additional logging output above.
24 verbose exit [ 1, true ]
